<?xml version="1.0" encoding="UTF-8"?>
<!-- Generated by org.testng.reporters.JUnitXMLReporter -->
<testsuite hostname="LAPTOP-FR81P7PN" ignored="0" name="AmazonTest" tests="6" failures="0" timestamp="2020-05-15T11:24:21 IST" time="0.076" errors="0">
  <testcase name="laptopSearch" time="0.015" classname="com.testng.concepts.IgnoreTest"/>
  <testcase name="mobileSearch" time="0.002" classname="com.testng.concepts.IgnoreTest"/>
  <testcase name="APITest1" time="0.002" classname="com.testng.concepts.GroupTest"/>
  <testcase name="AppiumTest" time="0.002" classname="com.testng.concepts.GroupTest"/>
  <testcase name="seleniumTest1" time="0.002" classname="com.testng.concepts.GroupTest"/>
  <testcase name="seleniumTest2" time="0.001" classname="com.testng.concepts.GroupTest"/>
</testsuite> <!-- AmazonTest -->
