<?xml version="1.0" encoding="UTF-8"?>
<!-- Generated by org.testng.reporters.JUnitXMLReporter -->
<testsuite hostname="LAPTOP-FR81P7PN" ignored="1" name="Test(failed)" tests="1" failures="0" timestamp="2020-05-14T11:34:41 IST" time="0.049" errors="0">
  <testcase name="mobileSearch" time="0.013" classname="com.testng.concepts.TimeOutTest"/>
  <testcase name="ZlaptopSearch" time="0.0" classname="com.testng.concepts.TimeOutTest">
    <ignored/>
  </testcase> <!-- ZlaptopSearch -->
</testsuite> <!-- Test(failed) -->
