<?xml version="1.0" encoding="UTF-8"?>
<!-- Generated by org.testng.reporters.JUnitXMLReporter -->
<testsuite hostname="LAPTOP-FR81P7PN" ignored="0" name="Test" tests="4" failures="0" timestamp="2020-05-15T11:32:23 IST" time="13.869" errors="0">
  <testcase name="Google" time="9.7" classname="com.testng.concepts.ParellelTest"/>
  <testcase name="gmail" time="10.501" classname="com.testng.concepts.ParellelTest"/>
  <testcase name="amazonTest" time="11.039" classname="com.testng.concepts.ParellelTest"/>
  <testcase name="flipkartTest" time="13.834" classname="com.testng.concepts.ParellelTest"/>
</testsuite> <!-- Test -->
