<?xml version="1.0" encoding="UTF-8"?>
<testng-results skipped="0" failed="0" ignored="0" total="2" passed="2">
  <reporter-output>
  </reporter-output>
  <suite name="Default suite" duration-ms="58" started-at="2020-08-27T04:48:33 IST" finished-at="2020-08-27T04:48:33 IST">
    <groups>
    </groups>
    <test name="Default test" duration-ms="58" started-at="2020-08-27T04:48:33 IST" finished-at="2020-08-27T04:48:33 IST">
      <class name="com.testng.retryanalyzer.DataProv">
        <test-method status="PASS" signature="logIn(java.lang.String, java.lang.String)[pri:0, instance:com.testng.retryanalyzer.DataProv@3fd7a715]" name="logIn" duration-ms="8" started-at="2020-08-27T04:48:33 IST" data-provider="MyData" finished-at="2020-08-27T04:48:33 IST">
          <params>
            <param index="0">
              <value>
                <![CDATA[aaaa]]>
              </value>
            </param>
            <param index="1">
              <value>
                <![CDATA[11111]]>
              </value>
            </param>
          </params>
          <reporter-output>
          </reporter-output>
        </test-method> <!-- logIn -->
        <test-method status="PASS" signature="logIn(java.lang.String, java.lang.String)[pri:0, instance:com.testng.retryanalyzer.DataProv@3fd7a715]" name="logIn" duration-ms="1" started-at="2020-08-27T04:48:33 IST" data-provider="MyData" finished-at="2020-08-27T04:48:33 IST">
          <params>
            <param index="0">
              <value>
                <![CDATA[bbbb]]>
              </value>
            </param>
            <param index="1">
              <value>
                <![CDATA[22222]]>
              </value>
            </param>
          </params>
          <reporter-output>
          </reporter-output>
        </test-method> <!-- logIn -->
      </class> <!-- com.testng.retryanalyzer.DataProv -->
    </test> <!-- Default test -->
  </suite> <!-- Default suite -->
</testng-results>
